
 FATAL  options.buildDir cannot be a parent of or same as srcDir


   ╭──────────────────────────────────────────────────────────────╮
   │                                                              │
   │   ✖ Nuxt Fatal Error                                         │
   │                                                              │
   │   options.buildDir cannot be a parent of or same as srcDir   │
   │                                                              │
   ╰──────────────────────────────────────────────────────────────╯

npm ERR! code ELIFECYCLE
npm ERR! errno 1
npm ERR! vetDirekt@1.0.0 start: `nuxt start`
npm ERR! Exit status 1
npm ERR! 
npm ERR! Failed at the vetDirekt@1.0.0 start script.
npm ERR! This is probably not a problem with npm. There is likely additional logging output above.

npm ERR! A complete log of this run can be found in:
npm ERR!     /root/.npm/_logs/2019-12-18T13_03_57_803Z-debug.log

 FATAL  options.buildDir cannot be a parent of or same as srcDir


   ╭──────────────────────────────────────────────────────────────╮
   │                                                              │
   │   ✖ Nuxt Fatal Error                                         │
   │                                                              │
   │   options.buildDir cannot be a parent of or same as srcDir   │
   │                                                              │
   ╰──────────────────────────────────────────────────────────────╯

npm ERR! code ELIFECYCLE
npm ERR! errno 1
npm ERR! vetDirekt@1.0.0 start: `nuxt start`
npm ERR! Exit status 1
npm ERR! 
npm ERR! Failed at the vetDirekt@1.0.0 start script.
npm ERR! This is probably not a problem with npm. There is likely additional logging output above.

npm ERR! A complete log of this run can be found in:
npm ERR!     /root/.npm/_logs/2019-12-18T13_04_00_915Z-debug.log

 FATAL  options.buildDir cannot be a parent of or same as srcDir


   ╭──────────────────────────────────────────────────────────────╮
   │                                                              │
   │   ✖ Nuxt Fatal Error                                         │
   │                                                              │
   │   options.buildDir cannot be a parent of or same as srcDir   │
   │                                                              │
   ╰──────────────────────────────────────────────────────────────╯

npm ERR! code ELIFECYCLE
npm ERR! errno 1
npm ERR! vetDirekt@1.0.0 start: `nuxt start`
npm ERR! Exit status 1
npm ERR! 
npm ERR! Failed at the vetDirekt@1.0.0 start script.
npm ERR! This is probably not a problem with npm. There is likely additional logging output above.

npm ERR! A complete log of this run can be found in:
npm ERR!     /root/.npm/_logs/2019-12-18T13_04_04_042Z-debug.log

 FATAL  options.buildDir cannot be a parent of or same as srcDir


   ╭──────────────────────────────────────────────────────────────╮
   │                                                              │
   │   ✖ Nuxt Fatal Error                                         │
   │                                                              │
   │   options.buildDir cannot be a parent of or same as srcDir   │
   │                                                              │
   ╰──────────────────────────────────────────────────────────────╯

npm ERR! code ELIFECYCLE
npm ERR! errno 1
npm ERR! vetDirekt@1.0.0 start: `nuxt start`
npm ERR! Exit status 1
npm ERR! 
npm ERR! Failed at the vetDirekt@1.0.0 start script.
npm ERR! This is probably not a problem with npm. There is likely additional logging output above.

npm ERR! A complete log of this run can be found in:
npm ERR!     /root/.npm/_logs/2019-12-18T13_04_07_127Z-debug.log

 FATAL  options.buildDir cannot be a parent of or same as srcDir


   ╭──────────────────────────────────────────────────────────────╮
   │                                                              │
   │   ✖ Nuxt Fatal Error                                         │
   │                                                              │
   │   options.buildDir cannot be a parent of or same as srcDir   │
   │                                                              │
   ╰──────────────────────────────────────────────────────────────╯

npm ERR! code ELIFECYCLE
npm ERR! errno 1
npm ERR! vetDirekt@1.0.0 start: `nuxt start`
npm ERR! Exit status 1
npm ERR! 
npm ERR! Failed at the vetDirekt@1.0.0 start script.
npm ERR! This is probably not a problem with npm. There is likely additional logging output above.

npm ERR! A complete log of this run can be found in:
npm ERR!     /root/.npm/_logs/2019-12-18T13_04_10_243Z-debug.log

 FATAL  options.buildDir cannot be a parent of or same as srcDir


   ╭──────────────────────────────────────────────────────────────╮
   │                                                              │
   │   ✖ Nuxt Fatal Error                                         │
   │                                                              │
   │   options.buildDir cannot be a parent of or same as srcDir   │
   │                                                              │
   ╰──────────────────────────────────────────────────────────────╯

npm ERR! code ELIFECYCLE
npm ERR! errno 1
npm ERR! vetDirekt@1.0.0 start: `nuxt start`
npm ERR! Exit status 1
npm ERR! 
npm ERR! Failed at the vetDirekt@1.0.0 start script.
npm ERR! This is probably not a problem with npm. There is likely additional logging output above.

npm ERR! A complete log of this run can be found in:
npm ERR!     /root/.npm/_logs/2019-12-18T13_04_13_359Z-debug.log

 FATAL  options.buildDir cannot be a parent of or same as srcDir


   ╭──────────────────────────────────────────────────────────────╮
   │                                                              │
   │   ✖ Nuxt Fatal Error                                         │
   │                                                              │
   │   options.buildDir cannot be a parent of or same as srcDir   │
   │                                                              │
   ╰──────────────────────────────────────────────────────────────╯

npm ERR! code ELIFECYCLE
npm ERR! errno 1
npm ERR! vetDirekt@1.0.0 start: `nuxt start`
npm ERR! Exit status 1
npm ERR! 
npm ERR! Failed at the vetDirekt@1.0.0 start script.
npm ERR! This is probably not a problem with npm. There is likely additional logging output above.

npm ERR! A complete log of this run can be found in:
npm ERR!     /root/.npm/_logs/2019-12-18T13_04_16_532Z-debug.log

 FATAL  options.buildDir cannot be a parent of or same as srcDir


   ╭──────────────────────────────────────────────────────────────╮
   │                                                              │
   │   ✖ Nuxt Fatal Error                                         │
   │                                                              │
   │   options.buildDir cannot be a parent of or same as srcDir   │
   │                                                              │
   ╰──────────────────────────────────────────────────────────────╯

npm ERR! code ELIFECYCLE
npm ERR! errno 1
npm ERR! vetDirekt@1.0.0 start: `nuxt start`
npm ERR! Exit status 1
npm ERR! 
npm ERR! Failed at the vetDirekt@1.0.0 start script.
npm ERR! This is probably not a problem with npm. There is likely additional logging output above.

npm ERR! A complete log of this run can be found in:
npm ERR!     /root/.npm/_logs/2019-12-18T13_04_19_580Z-debug.log

 FATAL  options.buildDir cannot be a parent of or same as srcDir


   ╭──────────────────────────────────────────────────────────────╮
   │                                                              │
   │   ✖ Nuxt Fatal Error                                         │
   │                                                              │
   │   options.buildDir cannot be a parent of or same as srcDir   │
   │                                                              │
   ╰──────────────────────────────────────────────────────────────╯

npm ERR! code ELIFECYCLE
npm ERR! errno 1
npm ERR! vetDirekt@1.0.0 start: `nuxt start`
npm ERR! Exit status 1
npm ERR! 
npm ERR! Failed at the vetDirekt@1.0.0 start script.
npm ERR! This is probably not a problem with npm. There is likely additional logging output above.

npm ERR! A complete log of this run can be found in:
npm ERR!     /root/.npm/_logs/2019-12-18T13_04_22_679Z-debug.log

 FATAL  options.buildDir cannot be a parent of or same as srcDir


   ╭──────────────────────────────────────────────────────────────╮
   │                                                              │
   │   ✖ Nuxt Fatal Error                                         │
   │                                                              │
   │   options.buildDir cannot be a parent of or same as srcDir   │
   │                                                              │
   ╰──────────────────────────────────────────────────────────────╯

npm ERR! code ELIFECYCLE
npm ERR! errno 1
npm ERR! vetDirekt@1.0.0 start: `nuxt start`
npm ERR! Exit status 1
npm ERR! 
npm ERR! Failed at the vetDirekt@1.0.0 start script.
npm ERR! This is probably not a problem with npm. There is likely additional logging output above.

npm ERR! A complete log of this run can be found in:
npm ERR!     /root/.npm/_logs/2019-12-18T13_04_25_783Z-debug.log

 FATAL  options.buildDir cannot be a parent of or same as srcDir


   ╭──────────────────────────────────────────────────────────────╮
   │                                                              │
   │   ✖ Nuxt Fatal Error                                         │
   │                                                              │
   │   options.buildDir cannot be a parent of or same as srcDir   │
   │                                                              │
   ╰──────────────────────────────────────────────────────────────╯

npm ERR! code ELIFECYCLE
npm ERR! errno 1
npm ERR! vetDirekt@1.0.0 start: `nuxt start`
npm ERR! Exit status 1
npm ERR! 
npm ERR! Failed at the vetDirekt@1.0.0 start script.
npm ERR! This is probably not a problem with npm. There is likely additional logging output above.

npm ERR! A complete log of this run can be found in:
npm ERR!     /root/.npm/_logs/2019-12-18T13_04_28_879Z-debug.log

 FATAL  options.buildDir cannot be a parent of or same as srcDir


   ╭──────────────────────────────────────────────────────────────╮
   │                                                              │
   │   ✖ Nuxt Fatal Error                                         │
   │                                                              │
   │   options.buildDir cannot be a parent of or same as srcDir   │
   │                                                              │
   ╰──────────────────────────────────────────────────────────────╯

npm ERR! code ELIFECYCLE
npm ERR! errno 1
npm ERR! vetDirekt@1.0.0 start: `nuxt start`
npm ERR! Exit status 1
npm ERR! 
npm ERR! Failed at the vetDirekt@1.0.0 start script.
npm ERR! This is probably not a problem with npm. There is likely additional logging output above.

npm ERR! A complete log of this run can be found in:
npm ERR!     /root/.npm/_logs/2019-12-18T13_04_32_004Z-debug.log

 FATAL  options.buildDir cannot be a parent of or same as srcDir


   ╭──────────────────────────────────────────────────────────────╮
   │                                                              │
   │   ✖ Nuxt Fatal Error                                         │
   │                                                              │
   │   options.buildDir cannot be a parent of or same as srcDir   │
   │                                                              │
   ╰──────────────────────────────────────────────────────────────╯

npm ERR! code ELIFECYCLE
npm ERR! errno 1
npm ERR! vetDirekt@1.0.0 start: `nuxt start`
npm ERR! Exit status 1
npm ERR! 
npm ERR! Failed at the vetDirekt@1.0.0 start script.
npm ERR! This is probably not a problem with npm. There is likely additional logging output above.

npm ERR! A complete log of this run can be found in:
npm ERR!     /root/.npm/_logs/2019-12-18T13_04_35_148Z-debug.log

 FATAL  options.buildDir cannot be a parent of or same as srcDir


   ╭──────────────────────────────────────────────────────────────╮
   │                                                              │
   │   ✖ Nuxt Fatal Error                                         │
   │                                                              │
   │   options.buildDir cannot be a parent of or same as srcDir   │
   │                                                              │
   ╰──────────────────────────────────────────────────────────────╯

npm ERR! code ELIFECYCLE
npm ERR! errno 1
npm ERR! vetDirekt@1.0.0 start: `nuxt start`
npm ERR! Exit status 1
npm ERR! 
npm ERR! Failed at the vetDirekt@1.0.0 start script.
npm ERR! This is probably not a problem with npm. There is likely additional logging output above.

npm ERR! A complete log of this run can be found in:
npm ERR!     /root/.npm/_logs/2019-12-18T13_04_38_235Z-debug.log

 FATAL  options.buildDir cannot be a parent of or same as srcDir


   ╭──────────────────────────────────────────────────────────────╮
   │                                                              │
   │   ✖ Nuxt Fatal Error                                         │
   │                                                              │
   │   options.buildDir cannot be a parent of or same as srcDir   │
   │                                                              │
   ╰──────────────────────────────────────────────────────────────╯

npm ERR! code ELIFECYCLE
npm ERR! errno 1
npm ERR! vetDirekt@1.0.0 start: `nuxt start`
npm ERR! Exit status 1
npm ERR! 
npm ERR! Failed at the vetDirekt@1.0.0 start script.
npm ERR! This is probably not a problem with npm. There is likely additional logging output above.

npm ERR! A complete log of this run can be found in:
npm ERR!     /root/.npm/_logs/2019-12-18T13_04_41_359Z-debug.log

 FATAL  options.buildDir cannot be a parent of or same as srcDir


   ╭──────────────────────────────────────────────────────────────╮
   │                                                              │
   │   ✖ Nuxt Fatal Error                                         │
   │                                                              │
   │   options.buildDir cannot be a parent of or same as srcDir   │
   │                                                              │
   ╰──────────────────────────────────────────────────────────────╯

npm ERR! code ELIFECYCLE
npm ERR! errno 1
npm ERR! vetDirekt@1.0.0 start: `nuxt start`
npm ERR! Exit status 1
npm ERR! 
npm ERR! Failed at the vetDirekt@1.0.0 start script.
npm ERR! This is probably not a problem with npm. There is likely additional logging output above.

npm ERR! A complete log of this run can be found in:
npm ERR!     /root/.npm/_logs/2019-12-18T13_04_44_455Z-debug.log

 FATAL  options.buildDir cannot be a parent of or same as srcDir


   ╭──────────────────────────────────────────────────────────────╮
   │                                                              │
   │   ✖ Nuxt Fatal Error                                         │
   │                                                              │
   │   options.buildDir cannot be a parent of or same as srcDir   │
   │                                                              │
   ╰──────────────────────────────────────────────────────────────╯

npm ERR! code ELIFECYCLE
npm ERR! errno 1
npm ERR! vetDirekt@1.0.0 start: `nuxt start`
npm ERR! Exit status 1
npm ERR! 
npm ERR! Failed at the vetDirekt@1.0.0 start script.
npm ERR! This is probably not a problem with npm. There is likely additional logging output above.

npm ERR! A complete log of this run can be found in:
npm ERR!     /root/.npm/_logs/2019-12-18T13_04_47_575Z-debug.log

 FATAL  options.buildDir cannot be a parent of or same as srcDir


   ╭──────────────────────────────────────────────────────────────╮
   │                                                              │
   │   ✖ Nuxt Fatal Error                                         │
   │                                                              │
   │   options.buildDir cannot be a parent of or same as srcDir   │
   │                                                              │
   ╰──────────────────────────────────────────────────────────────╯

npm ERR! code ELIFECYCLE
npm ERR! errno 1
npm ERR! vetDirekt@1.0.0 start: `nuxt start`
npm ERR! Exit status 1
npm ERR! 
npm ERR! Failed at the vetDirekt@1.0.0 start script.
npm ERR! This is probably not a problem with npm. There is likely additional logging output above.

npm ERR! A complete log of this run can be found in:
npm ERR!     /root/.npm/_logs/2019-12-18T13_04_50_671Z-debug.log

 FATAL  options.buildDir cannot be a parent of or same as srcDir


   ╭──────────────────────────────────────────────────────────────╮
   │                                                              │
   │   ✖ Nuxt Fatal Error                                         │
   │                                                              │
   │   options.buildDir cannot be a parent of or same as srcDir   │
   │                                                              │
   ╰──────────────────────────────────────────────────────────────╯

npm ERR! code ELIFECYCLE
npm ERR! errno 1
npm ERR! vetDirekt@1.0.0 start: `nuxt start`
npm ERR! Exit status 1
npm ERR! 
npm ERR! Failed at the vetDirekt@1.0.0 start script.
npm ERR! This is probably not a problem with npm. There is likely additional logging output above.

npm ERR! A complete log of this run can be found in:
npm ERR!     /root/.npm/_logs/2019-12-18T13_04_53_775Z-debug.log

 FATAL  options.buildDir cannot be a parent of or same as srcDir


   ╭──────────────────────────────────────────────────────────────╮
   │                                                              │
   │   ✖ Nuxt Fatal Error                                         │
   │                                                              │
   │   options.buildDir cannot be a parent of or same as srcDir   │
   │                                                              │
   ╰──────────────────────────────────────────────────────────────╯

npm ERR! code ELIFECYCLE
npm ERR! errno 1
npm ERR! vetDirekt@1.0.0 start: `nuxt start`
npm ERR! Exit status 1
npm ERR! 
npm ERR! Failed at the vetDirekt@1.0.0 start script.
npm ERR! This is probably not a problem with npm. There is likely additional logging output above.

npm ERR! A complete log of this run can be found in:
npm ERR!     /root/.npm/_logs/2019-12-18T13_04_56_887Z-debug.log

 FATAL  options.buildDir cannot be a parent of or same as srcDir


   ╭──────────────────────────────────────────────────────────────╮
   │                                                              │
   │   ✖ Nuxt Fatal Error                                         │
   │                                                              │
   │   options.buildDir cannot be a parent of or same as srcDir   │
   │                                                              │
   ╰──────────────────────────────────────────────────────────────╯

npm ERR! code ELIFECYCLE
npm ERR! errno 1
npm ERR! vetDirekt@1.0.0 start: `nuxt start`
npm ERR! Exit status 1
npm ERR! 
npm ERR! Failed at the vetDirekt@1.0.0 start script.
npm ERR! This is probably not a problem with npm. There is likely additional logging output above.

npm ERR! A complete log of this run can be found in:
npm ERR!     /root/.npm/_logs/2019-12-18T13_04_59_995Z-debug.log

 FATAL  options.buildDir cannot be a parent of or same as srcDir


   ╭──────────────────────────────────────────────────────────────╮
   │                                                              │
   │   ✖ Nuxt Fatal Error                                         │
   │                                                              │
   │   options.buildDir cannot be a parent of or same as srcDir   │
   │                                                              │
   ╰──────────────────────────────────────────────────────────────╯

npm ERR! code ELIFECYCLE
npm ERR! errno 1
npm ERR! vetDirekt@1.0.0 start: `nuxt start`
npm ERR! Exit status 1
npm ERR! 
npm ERR! Failed at the vetDirekt@1.0.0 start script.
npm ERR! This is probably not a problem with npm. There is likely additional logging output above.

npm ERR! A complete log of this run can be found in:
npm ERR!     /root/.npm/_logs/2019-12-18T13_05_03_132Z-debug.log

 FATAL  options.buildDir cannot be a parent of or same as srcDir


   ╭──────────────────────────────────────────────────────────────╮
   │                                                              │
   │   ✖ Nuxt Fatal Error                                         │
   │                                                              │
   │   options.buildDir cannot be a parent of or same as srcDir   │
   │                                                              │
   ╰──────────────────────────────────────────────────────────────╯

npm ERR! code ELIFECYCLE
npm ERR! errno 1
npm ERR! vetDirekt@1.0.0 start: `nuxt start`
npm ERR! Exit status 1
npm ERR! 
npm ERR! Failed at the vetDirekt@1.0.0 start script.
npm ERR! This is probably not a problem with npm. There is likely additional logging output above.

npm ERR! A complete log of this run can be found in:
npm ERR!     /root/.npm/_logs/2019-12-18T13_05_06_221Z-debug.log

 FATAL  options.buildDir cannot be a parent of or same as srcDir


   ╭──────────────────────────────────────────────────────────────╮
   │                                                              │
   │   ✖ Nuxt Fatal Error                                         │
   │                                                              │
   │   options.buildDir cannot be a parent of or same as srcDir   │
   │                                                              │
   ╰──────────────────────────────────────────────────────────────╯

npm ERR! code ELIFECYCLE
npm ERR! errno 1
npm ERR! vetDirekt@1.0.0 start: `nuxt start`
npm ERR! Exit status 1
npm ERR! 
npm ERR! Failed at the vetDirekt@1.0.0 start script.
npm ERR! This is probably not a problem with npm. There is likely additional logging output above.

npm ERR! A complete log of this run can be found in:
npm ERR!     /root/.npm/_logs/2019-12-18T13_05_09_319Z-debug.log

 FATAL  options.buildDir cannot be a parent of or same as srcDir


   ╭──────────────────────────────────────────────────────────────╮
   │                                                              │
   │   ✖ Nuxt Fatal Error                                         │
   │                                                              │
   │   options.buildDir cannot be a parent of or same as srcDir   │
   │                                                              │
   ╰──────────────────────────────────────────────────────────────╯

npm ERR! code ELIFECYCLE
npm ERR! errno 1
npm ERR! vetDirekt@1.0.0 start: `nuxt start`
npm ERR! Exit status 1
npm ERR! 
npm ERR! Failed at the vetDirekt@1.0.0 start script.
npm ERR! This is probably not a problem with npm. There is likely additional logging output above.

npm ERR! A complete log of this run can be found in:
npm ERR!     /root/.npm/_logs/2019-12-18T13_05_12_440Z-debug.log

 FATAL  options.buildDir cannot be a parent of or same as srcDir


   ╭──────────────────────────────────────────────────────────────╮
   │                                                              │
   │   ✖ Nuxt Fatal Error                                         │
   │                                                              │
   │   options.buildDir cannot be a parent of or same as srcDir   │
   │                                                              │
   ╰──────────────────────────────────────────────────────────────╯

npm ERR! code ELIFECYCLE
npm ERR! errno 1
npm ERR! vetDirekt@1.0.0 start: `nuxt start`
npm ERR! Exit status 1
npm ERR! 
npm ERR! Failed at the vetDirekt@1.0.0 start script.
npm ERR! This is probably not a problem with npm. There is likely additional logging output above.

npm ERR! A complete log of this run can be found in:
npm ERR!     /root/.npm/_logs/2019-12-18T13_05_15_532Z-debug.log

 FATAL  options.buildDir cannot be a parent of or same as srcDir


   ╭──────────────────────────────────────────────────────────────╮
   │                                                              │
   │   ✖ Nuxt Fatal Error                                         │
   │                                                              │
   │   options.buildDir cannot be a parent of or same as srcDir   │
   │                                                              │
   ╰──────────────────────────────────────────────────────────────╯

npm ERR! code ELIFECYCLE
npm ERR! errno 1
npm ERR! vetDirekt@1.0.0 start: `nuxt start`
npm ERR! Exit status 1
npm ERR! 
npm ERR! Failed at the vetDirekt@1.0.0 start script.
npm ERR! This is probably not a problem with npm. There is likely additional logging output above.

npm ERR! A complete log of this run can be found in:
npm ERR!     /root/.npm/_logs/2019-12-18T13_05_18_708Z-debug.log

 FATAL  options.buildDir cannot be a parent of or same as srcDir


   ╭──────────────────────────────────────────────────────────────╮
   │                                                              │
   │   ✖ Nuxt Fatal Error                                         │
   │                                                              │
   │   options.buildDir cannot be a parent of or same as srcDir   │
   │                                                              │
   ╰──────────────────────────────────────────────────────────────╯

npm ERR! code ELIFECYCLE
npm ERR! errno 1
npm ERR! vetDirekt@1.0.0 start: `nuxt start`
npm ERR! Exit status 1
npm ERR! 
npm ERR! Failed at the vetDirekt@1.0.0 start script.
npm ERR! This is probably not a problem with npm. There is likely additional logging output above.

npm ERR! A complete log of this run can be found in:
npm ERR!     /root/.npm/_logs/2019-12-18T13_05_21_748Z-debug.log

 FATAL  options.buildDir cannot be a parent of or same as srcDir


   ╭──────────────────────────────────────────────────────────────╮
   │                                                              │
   │   ✖ Nuxt Fatal Error                                         │
   │                                                              │
   │   options.buildDir cannot be a parent of or same as srcDir   │
   │                                                              │
   ╰──────────────────────────────────────────────────────────────╯

npm ERR! code ELIFECYCLE
npm ERR! errno 1
npm ERR! vetDirekt@1.0.0 start: `nuxt start`
npm ERR! Exit status 1
npm ERR! 
npm ERR! Failed at the vetDirekt@1.0.0 start script.
npm ERR! This is probably not a problem with npm. There is likely additional logging output above.

npm ERR! A complete log of this run can be found in:
npm ERR!     /root/.npm/_logs/2019-12-18T13_05_24_860Z-debug.log

 FATAL  options.buildDir cannot be a parent of or same as srcDir


   ╭──────────────────────────────────────────────────────────────╮
   │                                                              │
   │   ✖ Nuxt Fatal Error                                         │
   │                                                              │
   │   options.buildDir cannot be a parent of or same as srcDir   │
   │                                                              │
   ╰──────────────────────────────────────────────────────────────╯

npm ERR! code ELIFECYCLE
npm ERR! errno 1
npm ERR! vetDirekt@1.0.0 start: `nuxt start`
npm ERR! Exit status 1
npm ERR! 
npm ERR! Failed at the vetDirekt@1.0.0 start script.
npm ERR! This is probably not a problem with npm. There is likely additional logging output above.

npm ERR! A complete log of this run can be found in:
npm ERR!     /root/.npm/_logs/2019-12-18T13_05_27_980Z-debug.log

 FATAL  options.buildDir cannot be a parent of or same as srcDir


   ╭──────────────────────────────────────────────────────────────╮
   │                                                              │
   │   ✖ Nuxt Fatal Error                                         │
   │                                                              │
   │   options.buildDir cannot be a parent of or same as srcDir   │
   │                                                              │
   ╰──────────────────────────────────────────────────────────────╯

npm ERR! code ELIFECYCLE
npm ERR! errno 1
npm ERR! vetDirekt@1.0.0 start: `nuxt start`
npm ERR! Exit status 1
npm ERR! 
npm ERR! Failed at the vetDirekt@1.0.0 start script.
npm ERR! This is probably not a problem with npm. There is likely additional logging output above.

npm ERR! A complete log of this run can be found in:
npm ERR!     /root/.npm/_logs/2019-12-18T13_05_31_068Z-debug.log

 FATAL  options.buildDir cannot be a parent of or same as srcDir


   ╭──────────────────────────────────────────────────────────────╮
   │                                                              │
   │   ✖ Nuxt Fatal Error                                         │
   │                                                              │
   │   options.buildDir cannot be a parent of or same as srcDir   │
   │                                                              │
   ╰──────────────────────────────────────────────────────────────╯

npm ERR! code ELIFECYCLE
npm ERR! errno 1
npm ERR! vetDirekt@1.0.0 start: `nuxt start`
npm ERR! Exit status 1
npm ERR! 
npm ERR! Failed at the vetDirekt@1.0.0 start script.
npm ERR! This is probably not a problem with npm. There is likely additional logging output above.

npm ERR! A complete log of this run can be found in:
npm ERR!     /root/.npm/_logs/2019-12-18T13_05_34_195Z-debug.log

 FATAL  options.buildDir cannot be a parent of or same as srcDir


   ╭──────────────────────────────────────────────────────────────╮
   │                                                              │
   │   ✖ Nuxt Fatal Error                                         │
   │                                                              │
   │   options.buildDir cannot be a parent of or same as srcDir   │
   │                                                              │
   ╰──────────────────────────────────────────────────────────────╯

npm ERR! code ELIFECYCLE
npm ERR! errno 1
npm ERR! vetDirekt@1.0.0 start: `nuxt start`
npm ERR! Exit status 1
npm ERR! 
npm ERR! Failed at the vetDirekt@1.0.0 start script.
npm ERR! This is probably not a problem with npm. There is likely additional logging output above.

npm ERR! A complete log of this run can be found in:
npm ERR!     /root/.npm/_logs/2019-12-18T13_05_37_308Z-debug.log

 FATAL  options.buildDir cannot be a parent of or same as srcDir


   ╭──────────────────────────────────────────────────────────────╮
   │                                                              │
   │   ✖ Nuxt Fatal Error                                         │
   │                                                              │
   │   options.buildDir cannot be a parent of or same as srcDir   │
   │                                                              │
   ╰──────────────────────────────────────────────────────────────╯

npm ERR! code ELIFECYCLE
npm ERR! errno 1
npm ERR! vetDirekt@1.0.0 start: `nuxt start`
npm ERR! Exit status 1
npm ERR! 
npm ERR! Failed at the vetDirekt@1.0.0 start script.
npm ERR! This is probably not a problem with npm. There is likely additional logging output above.

npm ERR! A complete log of this run can be found in:
npm ERR!     /root/.npm/_logs/2019-12-18T13_05_40_392Z-debug.log

 FATAL  options.buildDir cannot be a parent of or same as srcDir


   ╭──────────────────────────────────────────────────────────────╮
   │                                                              │
   │   ✖ Nuxt Fatal Error                                         │
   │                                                              │
   │   options.buildDir cannot be a parent of or same as srcDir   │
   │                                                              │
   ╰──────────────────────────────────────────────────────────────╯

npm ERR! code ELIFECYCLE
npm ERR! errno 1
npm ERR! vetDirekt@1.0.0 start: `nuxt start`
npm ERR! Exit status 1
npm ERR! 
npm ERR! Failed at the vetDirekt@1.0.0 start script.
npm ERR! This is probably not a problem with npm. There is likely additional logging output above.

npm ERR! A complete log of this run can be found in:
npm ERR!     /root/.npm/_logs/2019-12-18T13_05_43_492Z-debug.log

 FATAL  options.buildDir cannot be a parent of or same as srcDir


   ╭──────────────────────────────────────────────────────────────╮
   │                                                              │
   │   ✖ Nuxt Fatal Error                                         │
   │                                                              │
   │   options.buildDir cannot be a parent of or same as srcDir   │
   │                                                              │
   ╰──────────────────────────────────────────────────────────────╯

npm ERR! code ELIFECYCLE
npm ERR! errno 1
npm ERR! vetDirekt@1.0.0 start: `nuxt start`
npm ERR! Exit status 1
npm ERR! 
npm ERR! Failed at the vetDirekt@1.0.0 start script.
npm ERR! This is probably not a problem with npm. There is likely additional logging output above.

npm ERR! A complete log of this run can be found in:
npm ERR!     /root/.npm/_logs/2019-12-18T13_05_46_587Z-debug.log

 FATAL  options.buildDir cannot be a parent of or same as srcDir


   ╭──────────────────────────────────────────────────────────────╮
   │                                                              │
   │   ✖ Nuxt Fatal Error                                         │
   │                                                              │
   │   options.buildDir cannot be a parent of or same as srcDir   │
   │                                                              │
   ╰──────────────────────────────────────────────────────────────╯

npm ERR! code ELIFECYCLE
npm ERR! errno 1
npm ERR! vetDirekt@1.0.0 start: `nuxt start`
npm ERR! Exit status 1
npm ERR! 
npm ERR! Failed at the vetDirekt@1.0.0 start script.
npm ERR! This is probably not a problem with npm. There is likely additional logging output above.

npm ERR! A complete log of this run can be found in:
npm ERR!     /root/.npm/_logs/2019-12-18T13_05_49_707Z-debug.log

 FATAL  options.buildDir cannot be a parent of or same as srcDir


   ╭──────────────────────────────────────────────────────────────╮
   │                                                              │
   │   ✖ Nuxt Fatal Error                                         │
   │                                                              │
   │   options.buildDir cannot be a parent of or same as srcDir   │
   │                                                              │
   ╰──────────────────────────────────────────────────────────────╯

npm ERR! code ELIFECYCLE
npm ERR! errno 1
npm ERR! vetDirekt@1.0.0 start: `nuxt start`
npm ERR! Exit status 1
npm ERR! 
npm ERR! Failed at the vetDirekt@1.0.0 start script.
npm ERR! This is probably not a problem with npm. There is likely additional logging output above.

npm ERR! A complete log of this run can be found in:
npm ERR!     /root/.npm/_logs/2019-12-18T13_05_52_795Z-debug.log

 FATAL  options.buildDir cannot be a parent of or same as srcDir


   ╭──────────────────────────────────────────────────────────────╮
   │                                                              │
   │   ✖ Nuxt Fatal Error                                         │
   │                                                              │
   │   options.buildDir cannot be a parent of or same as srcDir   │
   │                                                              │
   ╰──────────────────────────────────────────────────────────────╯

npm ERR! code ELIFECYCLE
npm ERR! errno 1
npm ERR! vetDirekt@1.0.0 start: `nuxt start`
npm ERR! Exit status 1
npm ERR! 
npm ERR! Failed at the vetDirekt@1.0.0 start script.
npm ERR! This is probably not a problem with npm. There is likely additional logging output above.

npm ERR! A complete log of this run can be found in:
npm ERR!     /root/.npm/_logs/2019-12-18T13_05_55_907Z-debug.log

 FATAL  options.buildDir cannot be a parent of or same as srcDir


   ╭──────────────────────────────────────────────────────────────╮
   │                                                              │
   │   ✖ Nuxt Fatal Error                                         │
   │                                                              │
   │   options.buildDir cannot be a parent of or same as srcDir   │
   │                                                              │
   ╰──────────────────────────────────────────────────────────────╯

npm ERR! code ELIFECYCLE
npm ERR! errno 1
npm ERR! vetDirekt@1.0.0 start: `nuxt start`
npm ERR! Exit status 1
npm ERR! 
npm ERR! Failed at the vetDirekt@1.0.0 start script.
npm ERR! This is probably not a problem with npm. There is likely additional logging output above.

npm ERR! A complete log of this run can be found in:
npm ERR!     /root/.npm/_logs/2019-12-18T13_05_59_031Z-debug.log

 FATAL  options.buildDir cannot be a parent of or same as srcDir


   ╭──────────────────────────────────────────────────────────────╮
   │                                                              │
   │   ✖ Nuxt Fatal Error                                         │
   │                                                              │
   │   options.buildDir cannot be a parent of or same as srcDir   │
   │                                                              │
   ╰──────────────────────────────────────────────────────────────╯

npm ERR! code ELIFECYCLE
npm ERR! errno 1
npm ERR! vetDirekt@1.0.0 start: `nuxt start`
npm ERR! Exit status 1
npm ERR! 
npm ERR! Failed at the vetDirekt@1.0.0 start script.
npm ERR! This is probably not a problem with npm. There is likely additional logging output above.

npm ERR! A complete log of this run can be found in:
npm ERR!     /root/.npm/_logs/2019-12-18T13_06_02_152Z-debug.log

 FATAL  options.buildDir cannot be a parent of or same as srcDir


   ╭──────────────────────────────────────────────────────────────╮
   │                                                              │
   │   ✖ Nuxt Fatal Error                                         │
   │                                                              │
   │   options.buildDir cannot be a parent of or same as srcDir   │
   │                                                              │
   ╰──────────────────────────────────────────────────────────────╯

npm ERR! code ELIFECYCLE
npm ERR! errno 1
npm ERR! vetDirekt@1.0.0 start: `nuxt start`
npm ERR! Exit status 1
npm ERR! 
npm ERR! Failed at the vetDirekt@1.0.0 start script.
npm ERR! This is probably not a problem with npm. There is likely additional logging output above.

npm ERR! A complete log of this run can be found in:
npm ERR!     /root/.npm/_logs/2019-12-18T13_06_05_259Z-debug.log

 FATAL  options.buildDir cannot be a parent of or same as srcDir


   ╭──────────────────────────────────────────────────────────────╮
   │                                                              │
   │   ✖ Nuxt Fatal Error                                         │
   │                                                              │
   │   options.buildDir cannot be a parent of or same as srcDir   │
   │                                                              │
   ╰──────────────────────────────────────────────────────────────╯

npm ERR! code ELIFECYCLE
npm ERR! errno 1
npm ERR! vetDirekt@1.0.0 start: `nuxt start`
npm ERR! Exit status 1
npm ERR! 
npm ERR! Failed at the vetDirekt@1.0.0 start script.
npm ERR! This is probably not a problem with npm. There is likely additional logging output above.

npm ERR! A complete log of this run can be found in:
npm ERR!     /root/.npm/_logs/2019-12-18T13_06_08_386Z-debug.log

 FATAL  options.buildDir cannot be a parent of or same as srcDir


   ╭──────────────────────────────────────────────────────────────╮
   │                                                              │
   │   ✖ Nuxt Fatal Error                                         │
   │                                                              │
   │   options.buildDir cannot be a parent of or same as srcDir   │
   │                                                              │
   ╰──────────────────────────────────────────────────────────────╯

npm ERR! code ELIFECYCLE
npm ERR! errno 1
npm ERR! vetDirekt@1.0.0 start: `nuxt start`
npm ERR! Exit status 1
npm ERR! 
npm ERR! Failed at the vetDirekt@1.0.0 start script.
npm ERR! This is probably not a problem with npm. There is likely additional logging output above.

npm ERR! A complete log of this run can be found in:
npm ERR!     /root/.npm/_logs/2019-12-18T13_06_11_523Z-debug.log

 FATAL  options.buildDir cannot be a parent of or same as srcDir


   ╭──────────────────────────────────────────────────────────────╮
   │                                                              │
   │   ✖ Nuxt Fatal Error                                         │
   │                                                              │
   │   options.buildDir cannot be a parent of or same as srcDir   │
   │                                                              │
   ╰──────────────────────────────────────────────────────────────╯

npm ERR! code ELIFECYCLE
npm ERR! errno 1
npm ERR! vetDirekt@1.0.0 start: `nuxt start`
npm ERR! Exit status 1
npm ERR! 
npm ERR! Failed at the vetDirekt@1.0.0 start script.
npm ERR! This is probably not a problem with npm. There is likely additional logging output above.

npm ERR! A complete log of this run can be found in:
npm ERR!     /root/.npm/_logs/2019-12-18T13_06_14_650Z-debug.log

 FATAL  options.buildDir cannot be a parent of or same as srcDir


   ╭──────────────────────────────────────────────────────────────╮
   │                                                              │
   │   ✖ Nuxt Fatal Error                                         │
   │                                                              │
   │   options.buildDir cannot be a parent of or same as srcDir   │
   │                                                              │
   ╰──────────────────────────────────────────────────────────────╯

npm ERR! code ELIFECYCLE
npm ERR! errno 1
npm ERR! vetDirekt@1.0.0 start: `nuxt start`
npm ERR! Exit status 1
npm ERR! 
npm ERR! Failed at the vetDirekt@1.0.0 start script.
npm ERR! This is probably not a problem with npm. There is likely additional logging output above.

npm ERR! A complete log of this run can be found in:
npm ERR!     /root/.npm/_logs/2019-12-18T13_06_17_801Z-debug.log

 FATAL  options.buildDir cannot be a parent of or same as srcDir


   ╭──────────────────────────────────────────────────────────────╮
   │                                                              │
   │   ✖ Nuxt Fatal Error                                         │
   │                                                              │
   │   options.buildDir cannot be a parent of or same as srcDir   │
   │                                                              │
   ╰──────────────────────────────────────────────────────────────╯

npm ERR! code ELIFECYCLE
npm ERR! errno 1
npm ERR! vetDirekt@1.0.0 start: `nuxt start`
npm ERR! Exit status 1
npm ERR! 
npm ERR! Failed at the vetDirekt@1.0.0 start script.
npm ERR! This is probably not a problem with npm. There is likely additional logging output above.

npm ERR! A complete log of this run can be found in:
npm ERR!     /root/.npm/_logs/2019-12-18T13_06_20_832Z-debug.log

 FATAL  options.buildDir cannot be a parent of or same as srcDir


   ╭──────────────────────────────────────────────────────────────╮
   │                                                              │
   │   ✖ Nuxt Fatal Error                                         │
   │                                                              │
   │   options.buildDir cannot be a parent of or same as srcDir   │
   │                                                              │
   ╰──────────────────────────────────────────────────────────────╯

npm ERR! code ELIFECYCLE
npm ERR! errno 1
npm ERR! vetDirekt@1.0.0 start: `nuxt start`
npm ERR! Exit status 1
npm ERR! 
npm ERR! Failed at the vetDirekt@1.0.0 start script.
npm ERR! This is probably not a problem with npm. There is likely additional logging output above.

npm ERR! A complete log of this run can be found in:
npm ERR!     /root/.npm/_logs/2019-12-18T13_06_24_000Z-debug.log

 FATAL  options.buildDir cannot be a parent of or same as srcDir


   ╭──────────────────────────────────────────────────────────────╮
   │                                                              │
   │   ✖ Nuxt Fatal Error                                         │
   │                                                              │
   │   options.buildDir cannot be a parent of or same as srcDir   │
   │                                                              │
   ╰──────────────────────────────────────────────────────────────╯

npm ERR! code ELIFECYCLE
npm ERR! errno 1
npm ERR! vetDirekt@1.0.0 start: `nuxt start`
npm ERR! Exit status 1
npm ERR! 
npm ERR! Failed at the vetDirekt@1.0.0 start script.
npm ERR! This is probably not a problem with npm. There is likely additional logging output above.

npm ERR! A complete log of this run can be found in:
npm ERR!     /root/.npm/_logs/2019-12-18T13_06_27_105Z-debug.log

 FATAL  options.buildDir cannot be a parent of or same as srcDir


   ╭──────────────────────────────────────────────────────────────╮
   │                                                              │
   │   ✖ Nuxt Fatal Error                                         │
   │                                                              │
   │   options.buildDir cannot be a parent of or same as srcDir   │
   │                                                              │
   ╰──────────────────────────────────────────────────────────────╯

npm ERR! code ELIFECYCLE
npm ERR! errno 1
npm ERR! vetDirekt@1.0.0 start: `nuxt start`
npm ERR! Exit status 1
npm ERR! 
npm ERR! Failed at the vetDirekt@1.0.0 start script.
npm ERR! This is probably not a problem with npm. There is likely additional logging output above.

npm ERR! A complete log of this run can be found in:
npm ERR!     /root/.npm/_logs/2019-12-18T13_06_30_175Z-debug.log

 FATAL  options.buildDir cannot be a parent of or same as srcDir


   ╭──────────────────────────────────────────────────────────────╮
   │                                                              │
   │   ✖ Nuxt Fatal Error                                         │
   │                                                              │
   │   options.buildDir cannot be a parent of or same as srcDir   │
   │                                                              │
   ╰──────────────────────────────────────────────────────────────╯

npm ERR! code ELIFECYCLE
npm ERR! errno 1
npm ERR! vetDirekt@1.0.0 start: `nuxt start`
npm ERR! Exit status 1
npm ERR! 
npm ERR! Failed at the vetDirekt@1.0.0 start script.
npm ERR! This is probably not a problem with npm. There is likely additional logging output above.

npm ERR! A complete log of this run can be found in:
npm ERR!     /root/.npm/_logs/2019-12-18T13_06_33_328Z-debug.log

 FATAL  options.buildDir cannot be a parent of or same as srcDir


   ╭──────────────────────────────────────────────────────────────╮
   │                                                              │
   │   ✖ Nuxt Fatal Error                                         │
   │                                                              │
   │   options.buildDir cannot be a parent of or same as srcDir   │
   │                                                              │
   ╰──────────────────────────────────────────────────────────────╯

npm ERR! code ELIFECYCLE
npm ERR! errno 1
npm ERR! vetDirekt@1.0.0 start: `nuxt start`
npm ERR! Exit status 1
npm ERR! 
npm ERR! Failed at the vetDirekt@1.0.0 start script.
npm ERR! This is probably not a problem with npm. There is likely additional logging output above.

npm ERR! A complete log of this run can be found in:
npm ERR!     /root/.npm/_logs/2019-12-18T13_06_36_471Z-debug.log

 FATAL  options.buildDir cannot be a parent of or same as srcDir


   ╭──────────────────────────────────────────────────────────────╮
   │                                                              │
   │   ✖ Nuxt Fatal Error                                         │
   │                                                              │
   │   options.buildDir cannot be a parent of or same as srcDir   │
   │                                                              │
   ╰──────────────────────────────────────────────────────────────╯

npm ERR! code ELIFECYCLE
npm ERR! errno 1
npm ERR! vetDirekt@1.0.0 start: `nuxt start`
npm ERR! Exit status 1
npm ERR! 
npm ERR! Failed at the vetDirekt@1.0.0 start script.
npm ERR! This is probably not a problem with npm. There is likely additional logging output above.

npm ERR! A complete log of this run can be found in:
npm ERR!     /root/.npm/_logs/2019-12-18T13_06_39_515Z-debug.log

 FATAL  options.buildDir cannot be a parent of or same as srcDir


   ╭──────────────────────────────────────────────────────────────╮
   │                                                              │
   │   ✖ Nuxt Fatal Error                                         │
   │                                                              │
   │   options.buildDir cannot be a parent of or same as srcDir   │
   │                                                              │
   ╰──────────────────────────────────────────────────────────────╯

npm ERR! code ELIFECYCLE
npm ERR! errno 1
npm ERR! vetDirekt@1.0.0 start: `nuxt start`
npm ERR! Exit status 1
npm ERR! 
npm ERR! Failed at the vetDirekt@1.0.0 start script.
npm ERR! This is probably not a problem with npm. There is likely additional logging output above.

npm ERR! A complete log of this run can be found in:
npm ERR!     /root/.npm/_logs/2019-12-18T13_06_42_704Z-debug.log

 FATAL  options.buildDir cannot be a parent of or same as srcDir


   ╭──────────────────────────────────────────────────────────────╮
   │                                                              │
   │   ✖ Nuxt Fatal Error                                         │
   │                                                              │
   │   options.buildDir cannot be a parent of or same as srcDir   │
   │                                                              │
   ╰──────────────────────────────────────────────────────────────╯

npm ERR! code ELIFECYCLE
npm ERR! errno 1
npm ERR! vetDirekt@1.0.0 start: `nuxt start`
npm ERR! Exit status 1
npm ERR! 
npm ERR! Failed at the vetDirekt@1.0.0 start script.
npm ERR! This is probably not a problem with npm. There is likely additional logging output above.

npm ERR! A complete log of this run can be found in:
npm ERR!     /root/.npm/_logs/2019-12-18T13_06_45_756Z-debug.log

 FATAL  options.buildDir cannot be a parent of or same as srcDir


   ╭──────────────────────────────────────────────────────────────╮
   │                                                              │
   │   ✖ Nuxt Fatal Error                                         │
   │                                                              │
   │   options.buildDir cannot be a parent of or same as srcDir   │
   │                                                              │
   ╰──────────────────────────────────────────────────────────────╯

npm ERR! code ELIFECYCLE
npm ERR! errno 1
npm ERR! vetDirekt@1.0.0 start: `nuxt start`
npm ERR! Exit status 1
npm ERR! 
npm ERR! Failed at the vetDirekt@1.0.0 start script.
npm ERR! This is probably not a problem with npm. There is likely additional logging output above.

npm ERR! A complete log of this run can be found in:
npm ERR!     /root/.npm/_logs/2019-12-18T13_06_48_932Z-debug.log

 FATAL  options.buildDir cannot be a parent of or same as srcDir


   ╭──────────────────────────────────────────────────────────────╮
   │                                                              │
   │   ✖ Nuxt Fatal Error                                         │
   │                                                              │
   │   options.buildDir cannot be a parent of or same as srcDir   │
   │                                                              │
   ╰──────────────────────────────────────────────────────────────╯

npm ERR! code ELIFECYCLE
npm ERR! errno 1
npm ERR! vetDirekt@1.0.0 start: `nuxt start`
npm ERR! Exit status 1
npm ERR! 
npm ERR! Failed at the vetDirekt@1.0.0 start script.
npm ERR! This is probably not a problem with npm. There is likely additional logging output above.

npm ERR! A complete log of this run can be found in:
npm ERR!     /root/.npm/_logs/2019-12-18T13_06_51_943Z-debug.log

 FATAL  options.buildDir cannot be a parent of or same as srcDir


   ╭──────────────────────────────────────────────────────────────╮
   │                                                              │
   │   ✖ Nuxt Fatal Error                                         │
   │                                                              │
   │   options.buildDir cannot be a parent of or same as srcDir   │
   │                                                              │
   ╰──────────────────────────────────────────────────────────────╯

npm ERR! code ELIFECYCLE
npm ERR! errno 1
npm ERR! vetDirekt@1.0.0 start: `nuxt start`
npm ERR! Exit status 1
npm ERR! 
npm ERR! Failed at the vetDirekt@1.0.0 start script.
npm ERR! This is probably not a problem with npm. There is likely additional logging output above.

 ERROR  (node:9915) Warning: require() of ES modules is not supported.
require() of /var/www/vet-direkt/Vet-Direkt/vetDirekt/nuxt.config.js from /var/www/vet-direkt/Vet-Direkt/vetDirekt/node_modules/@nuxt/cli/dist/cli-command.js is an ES module file as it is a .js file whose nearest parent package.json contains "type": "module" which defines all .js files in that package scope as ES modules.
Instead rename nuxt.config.js to end in .cjs, change the requiring code to use import(), or remove "type": "module" from /var/www/vet-direkt/Vet-Direkt/vetDirekt/package.json.


 ERROR  Cannot read property '1' of null

  at defineLocale (server.js:1:68887)
  at Array.reduce (<anonymous>)
  at Object.detectNativeLocale (server.js:1:69145)
  at Object.configure (server.js:1:71112)
  at runMicrotasks (<anonymous>)
  at processTicksAndRejections (internal/process/task_queues.js:93:5)
  at async Store.nuxtServerInit (server.js:1:72363)
  at async e.default (server.js:1:66113)


 ERROR  Cannot read property '1' of null

  at defineLocale (server.js:1:68887)
  at Array.reduce (<anonymous>)
  at Object.detectNativeLocale (server.js:1:69145)
  at Object.configure (server.js:1:71112)
  at runMicrotasks (<anonymous>)
  at processTicksAndRejections (internal/process/task_queues.js:93:5)
  at async Store.nuxtServerInit (server.js:1:72363)
  at async e.default (server.js:1:66113)


 ERROR  Cannot read property '1' of null

  at defineLocale (server.js:1:68887)
  at Array.reduce (<anonymous>)
  at Object.detectNativeLocale (server.js:1:69145)
  at Object.configure (server.js:1:71112)
  at runMicrotasks (<anonymous>)
  at processTicksAndRejections (internal/process/task_queues.js:93:5)
  at async Store.nuxtServerInit (server.js:1:72363)
  at async e.default (server.js:1:66113)


 ERROR  Cannot read property '1' of null

  at defineLocale (server.js:1:68887)
  at Array.reduce (<anonymous>)
  at Object.detectNativeLocale (server.js:1:69145)
  at Object.configure (server.js:1:71112)
  at runMicrotasks (<anonymous>)
  at processTicksAndRejections (internal/process/task_queues.js:93:5)
  at async Store.nuxtServerInit (server.js:1:72363)
  at async e.default (server.js:1:66113)


 ERROR  Cannot read property '1' of null

  at defineLocale (server.js:1:68887)
  at Array.reduce (<anonymous>)
  at Object.detectNativeLocale (server.js:1:69145)
  at Object.configure (server.js:1:71112)
  at runMicrotasks (<anonymous>)
  at processTicksAndRejections (internal/process/task_queues.js:93:5)
  at async Store.nuxtServerInit (server.js:1:72363)
  at async e.default (server.js:1:66113)


 ERROR  Cannot read property '1' of null

  at defineLocale (server.js:1:68887)
  at Array.reduce (<anonymous>)
  at Object.detectNativeLocale (server.js:1:69145)
  at Object.configure (server.js:1:71112)
  at runMicrotasks (<anonymous>)
  at processTicksAndRejections (internal/process/task_queues.js:93:5)
  at async Store.nuxtServerInit (server.js:1:72363)
  at async e.default (server.js:1:66113)


 ERROR  Cannot read property '1' of null

  at defineLocale (server.js:1:68887)
  at Array.reduce (<anonymous>)
  at Object.detectNativeLocale (server.js:1:69145)
  at Object.configure (server.js:1:71112)
  at runMicrotasks (<anonymous>)
  at processTicksAndRejections (internal/process/task_queues.js:93:5)
  at async Store.nuxtServerInit (server.js:1:72363)
  at async e.default (server.js:1:66113)


 ERROR  Cannot read property '1' of null

  at defineLocale (server.js:1:68887)
  at Array.reduce (<anonymous>)
  at Object.detectNativeLocale (server.js:1:69145)
  at Object.configure (server.js:1:71112)
  at runMicrotasks (<anonymous>)
  at processTicksAndRejections (internal/process/task_queues.js:93:5)
  at async Store.nuxtServerInit (server.js:1:72363)
  at async e.default (server.js:1:66113)


 ERROR  Cannot read property '1' of null

  at defineLocale (server.js:1:68887)
  at Array.reduce (<anonymous>)
  at Object.detectNativeLocale (server.js:1:69145)
  at Object.configure (server.js:1:71112)
  at runMicrotasks (<anonymous>)
  at processTicksAndRejections (internal/process/task_queues.js:93:5)
  at async Store.nuxtServerInit (server.js:1:72363)
  at async e.default (server.js:1:66113)


 ERROR  Cannot read property '1' of null

  at defineLocale (server.js:1:68887)
  at Array.reduce (<anonymous>)
  at Object.detectNativeLocale (server.js:1:69145)
  at Object.configure (server.js:1:71112)
  at runMicrotasks (<anonymous>)
  at processTicksAndRejections (internal/process/task_queues.js:93:5)
  at async Store.nuxtServerInit (server.js:1:72363)
  at async e.default (server.js:1:66113)


 ERROR  Cannot read property '1' of null

  at defineLocale (server.js:1:68887)
  at Array.reduce (<anonymous>)
  at Object.detectNativeLocale (server.js:1:69145)
  at Object.configure (server.js:1:71112)
  at runMicrotasks (<anonymous>)
  at processTicksAndRejections (internal/process/task_queues.js:93:5)
  at async Store.nuxtServerInit (server.js:1:72363)
  at async e.default (server.js:1:66113)


 ERROR  Cannot read property '1' of null

  at defineLocale (server.js:1:68887)
  at Array.reduce (<anonymous>)
  at Object.detectNativeLocale (server.js:1:69145)
  at Object.configure (server.js:1:71112)
  at runMicrotasks (<anonymous>)
  at processTicksAndRejections (internal/process/task_queues.js:93:5)
  at async Store.nuxtServerInit (server.js:1:72363)
  at async e.default (server.js:1:66113)


 ERROR  Cannot read property '1' of null

  at defineLocale (server.js:1:68887)
  at Array.reduce (<anonymous>)
  at Object.detectNativeLocale (server.js:1:69145)
  at Object.configure (server.js:1:71112)
  at runMicrotasks (<anonymous>)
  at processTicksAndRejections (internal/process/task_queues.js:93:5)
  at async Store.nuxtServerInit (server.js:1:72363)
  at async e.default (server.js:1:66113)

